-------------------------------------------------------------------------------
Test set: TestSuite
-------------------------------------------------------------------------------
Tests run: 5, Failures: 1, Errors: 0, Skipped: 0, Time elapsed: 58.995 s <<< FAILURE! - in TestSuite
com.DemoLogin.BaseClassTest.failingTest  Time elapsed: 3.434 s  <<< FAILURE!
java.lang.AssertionError: expected [true] but found [false]
	at com.DemoLogin.BaseClassTest.failingTest(BaseClassTest.java:19)

