<?xml version="1.0" encoding="UTF-8"?>
<!-- Generated by org.testng.reporters.JUnitXMLReporter -->
<testsuite ignored="0" hostname="DESKTOP-3BQ5JAI" failures="1" tests="1" name="BaseClassTest" time="5.532" errors="0" timestamp="2023-11-09T17:05:03 COT">
  <testcase classname="com.DemoLogin.BaseClassTest" name="failingTest" time="3.423">
    <failure type="java.lang.AssertionError" message="expected [true] but found [false]">
      <![CDATA[java.lang.AssertionError: expected [true] but found [false]
at com.DemoLogin.BaseClassTest.failingTest(BaseClassTest.java:19)
at java.base/java.util.ArrayList.forEach(ArrayList.java:1511)
... Removed 35 stack frames]]>
    </failure>
  </testcase> <!-- failingTest -->
</testsuite> <!-- BaseClassTest -->
